<?xml version="1.0" encoding="UTF-8"?>
<testsuite name="com.tursi.RedditApiClientServiceTest" time="0.196" tests="3" errors="0" skipped="0" failures="0">
  <properties>
[...]
</properties>
  <testcase name="searchApiThrowsExceptionOn500" classname="com.tursi.RedditApiClientServiceTest" time="0.071"/>
  <testcase name="searchApiProcessesResultSuccessfully" classname="com.tursi.RedditApiClientServiceTest" time="0.089"/>
  <testcase name="searchApiReturnsResult" classname="com.tursi.RedditApiClientServiceTest" time="0.036"/>
</testsuite>